Determining if the pthread_create exist failed with the following output:
Change Dir: /home/michel/UGVControl/build/CMakeFiles/CMakeTmp

Run Build Command:"/usr/bin/make" "cmTC_ef690/fast"
/usr/bin/make -f CMakeFiles/cmTC_ef690.dir/build.make CMakeFiles/cmTC_ef690.dir/build
make[1]: Entering directory '/home/michel/UGVControl/build/CMakeFiles/CMakeTmp'
Building C object CMakeFiles/cmTC_ef690.dir/CheckSymbolExists.c.o
/usr/bin/cc     -o CMakeFiles/cmTC_ef690.dir/CheckSymbolExists.c.o   -c /home/michel/UGVControl/build/CMakeFiles/CMakeTmp/CheckSymbolExists.c
Linking C executable cmTC_ef690
/usr/bin/cmake -E cmake_link_script CMakeFiles/cmTC_ef690.dir/link.txt --verbose=1
/usr/bin/cc       CMakeFiles/cmTC_ef690.dir/CheckSymbolExists.c.o  -o cmTC_ef690 -rdynamic 
CMakeFiles/cmTC_ef690.dir/CheckSymbolExists.c.o: In function `main':
CheckSymbolExists.c:(.text+0x16): undefined reference to `pthread_create'
collect2: error: ld returned 1 exit status
CMakeFiles/cmTC_ef690.dir/build.make:97: recipe for target 'cmTC_ef690' failed
make[1]: *** [cmTC_ef690] Error 1
make[1]: Leaving directory '/home/michel/UGVControl/build/CMakeFiles/CMakeTmp'
Makefile:126: recipe for target 'cmTC_ef690/fast' failed
make: *** [cmTC_ef690/fast] Error 2

File /home/michel/UGVControl/build/CMakeFiles/CMakeTmp/CheckSymbolExists.c:
/* */
#include <pthread.h>

int main(int argc, char** argv)
{
  (void)argv;
#ifndef pthread_create
  return ((int*)(&pthread_create))[argc];
#else
  (void)argc;
  return 0;
#endif
}

Determining if the function pthread_create exists in the pthreads failed with the following output:
Change Dir: /home/michel/UGVControl/build/CMakeFiles/CMakeTmp

Run Build Command:"/usr/bin/make" "cmTC_992e3/fast"
/usr/bin/make -f CMakeFiles/cmTC_992e3.dir/build.make CMakeFiles/cmTC_992e3.dir/build
make[1]: Entering directory '/home/michel/UGVControl/build/CMakeFiles/CMakeTmp'
Building C object CMakeFiles/cmTC_992e3.dir/CheckFunctionExists.c.o
/usr/bin/cc    -DCHECK_FUNCTION_EXISTS=pthread_create   -o CMakeFiles/cmTC_992e3.dir/CheckFunctionExists.c.o   -c /usr/share/cmake-3.5/Modules/CheckFunctionExists.c
Linking C executable cmTC_992e3
/usr/bin/cmake -E cmake_link_script CMakeFiles/cmTC_992e3.dir/link.txt --verbose=1
/usr/bin/cc   -DCHECK_FUNCTION_EXISTS=pthread_create    CMakeFiles/cmTC_992e3.dir/CheckFunctionExists.c.o  -o cmTC_992e3 -rdynamic -lpthreads 
/usr/bin/ld: cannot find -lpthreads
collect2: error: ld returned 1 exit status
CMakeFiles/cmTC_992e3.dir/build.make:97: recipe for target 'cmTC_992e3' failed
make[1]: *** [cmTC_992e3] Error 1
make[1]: Leaving directory '/home/michel/UGVControl/build/CMakeFiles/CMakeTmp'
Makefile:126: recipe for target 'cmTC_992e3/fast' failed
make: *** [cmTC_992e3/fast] Error 2


